# JRE version: OpenJDK Runtime Environment (8.0_151-b12) (build 1.8.0_151-8u151-b12-0ubuntu0.16.04.2-b12)
# Java VM: OpenJDK Server VM (25.151-b12 mixed mode linux-x86 )
Heap:
 PSYoungGen      total 38144K, used 11549K [0x916c0000, 0x941c0000, 0xa6c00000)
  eden space 33024K, 22% used [0x916c0000,0x91dd9830,0x93700000)
  from space 5120K, 83% used [0x93c40000,0x9406ddb8,0x94140000)
  to   space 5376K, 0% used [0x93700000,0x93700000,0x93c40000)
 ParOldGen       total 43776K, used 5419K [0x66c00000, 0x696c0000, 0x916c0000)
  object space 43776K, 12% used [0x66c00000,0x6714ad58,0x696c0000)
 Metaspace       used 11783K, capacity 12045K, committed 12056K, reserved 12592K
GC Heap History (10 events):
Event: 322.572 GC heap before
{Heap before GC invocations=2 (full 0):
 PSYoungGen      total 19200K, used 19194K [0x916c0000, 0x92c00000, 0xa6c00000)
  eden space 16640K, 100% used [0x916c0000,0x92700000,0x92700000)
  from space 2560K, 99% used [0x92700000,0x9297eb90,0x92980000)
  to   space 2560K, 0% used [0x92980000,0x92980000,0x92c00000)
 ParOldGen       total 43776K, used 24K [0x66c00000, 0x696c0000, 0x916c0000)
  object space 43776K, 0% used [0x66c00000,0x66c06038,0x696c0000)
 Metaspace       used 5998K, capacity 6058K, committed 6168K, reserved 6448K
Event: 324.090 GC heap after
Heap after GC invocations=2 (full 0):
 PSYoungGen      total 19200K, used 2544K [0x916c0000, 0x92c00000, 0xa6c00000)
  eden space 16640K, 0% used [0x916c0000,0x916c0000,0x92700000)
  from space 2560K, 99% used [0x92980000,0x92bfc078,0x92c00000)
  to   space 2560K, 0% used [0x92700000,0x92700000,0x92980000)
 ParOldGen       total 43776K, used 1097K [0x66c00000, 0x696c0000, 0x916c0000)
  object space 43776K, 2% used [0x66c00000,0x66d12658,0x696c0000)
 Metaspace       used 5998K, capacity 6058K, committed 6168K, reserved 6448K
}
Event: 429.331 GC heap before
{Heap before GC invocations=3 (full 0):
 PSYoungGen      total 19200K, used 19184K [0x916c0000, 0x92c00000, 0xa6c00000)
  eden space 16640K, 100% used [0x916c0000,0x92700000,0x92700000)
  from space 2560K, 99% used [0x92980000,0x92bfc078,0x92c00000)
  to   space 2560K, 0% used [0x92700000,0x92700000,0x92980000)
 ParOldGen       total 43776K, used 1097K [0x66c00000, 0x696c0000, 0x916c0000)
  object space 43776K, 2% used [0x66c00000,0x66d12658,0x696c0000)
 Metaspace       used 6730K, capacity 6796K, committed 6936K, reserved 7472K
Event: 430.845 GC heap after
Heap after GC invocations=3 (full 0):
 PSYoungGen      total 19200K, used 2552K [0x916c0000, 0x92c00000, 0xa6c00000)
  eden space 16640K, 0% used [0x916c0000,0x916c0000,0x92700000)
  from space 2560K, 99% used [0x92700000,0x9297e148,0x92980000)
  to   space 2560K, 0% used [0x92980000,0x92980000,0x92c00000)
 ParOldGen       total 43776K, used 1783K [0x66c00000, 0x696c0000, 0x916c0000)
  object space 43776K, 4% used [0x66c00000,0x66dbdd68,0x696c0000)
 Metaspace       used 6730K, capacity 6796K, committed 6936K, reserved 7472K
}
Event: 555.239 GC heap before
{Heap before GC invocations=4 (full 0):
 PSYoungGen      total 19200K, used 19192K [0x916c0000, 0x92c00000, 0xa6c00000)
  eden space 16640K, 100% used [0x916c0000,0x92700000,0x92700000)
  from space 2560K, 99% used [0x92700000,0x9297e148,0x92980000)
  to   space 2560K, 0% used [0x92980000,0x92980000,0x92c00000)
 ParOldGen       total 43776K, used 1783K [0x66c00000, 0x696c0000, 0x916c0000)
  object space 43776K, 4% used [0x66c00000,0x66dbdd68,0x696c0000)
 Metaspace       used 8465K, capacity 8541K, committed 8600K, reserved 9520K
Event: 557.139 GC heap after
Heap after GC invocations=4 (full 0):
 PSYoungGen      total 19200K, used 2555K [0x916c0000, 0x93c40000, 0xa6c00000)
  eden space 16640K, 0% used [0x916c0000,0x916c0000,0x92700000)
  from space 2560K, 99% used [0x92980000,0x92bfef28,0x92c00000)
  to   space 2560K, 0% used [0x92700000,0x92700000,0x92980000)
 ParOldGen       total 43776K, used 3757K [0x66c00000, 0x696c0000, 0x916c0000)
  object space 43776K, 8% used [0x66c00000,0x66fab5f8,0x696c0000)
 Metaspace       used 8465K, capacity 8541K, committed 8600K, reserved 9520K
}
Event: 681.066 GC heap before
{Heap before GC invocations=5 (full 0):
 PSYoungGen      total 19200K, used 19195K [0x916c0000, 0x93c40000, 0xa6c00000)
  eden space 16640K, 100% used [0x916c0000,0x92700000,0x92700000)
  from space 2560K, 99% used [0x92980000,0x92bfef28,0x92c00000)
  to   space 2560K, 0% used [0x92700000,0x92700000,0x92980000)
 ParOldGen       total 43776K, used 3757K [0x66c00000, 0x696c0000, 0x916c0000)
  object space 43776K, 8% used [0x66c00000,0x66fab5f8,0x696c0000)
 Metaspace       used 10300K, capacity 10407K, committed 10520K, reserved 10544K
Event: 682.321 GC heap after
Heap after GC invocations=5 (full 0):
 PSYoungGen      total 19200K, used 2552K [0x916c0000, 0x94140000, 0xa6c00000)
  eden space 16640K, 0% used [0x916c0000,0x916c0000,0x92700000)
  from space 2560K, 99% used [0x92700000,0x9297e0b0,0x92980000)
  to   space 5120K, 0% used [0x93c40000,0x93c40000,0x94140000)
 ParOldGen       total 43776K, used 5415K [0x66c00000, 0x696c0000, 0x916c0000)
  object space 43776K, 12% used [0x66c00000,0x67149d58,0x696c0000)
 Metaspace       used 10300K, capacity 10407K, committed 10520K, reserved 10544K
}
Event: 777.724 GC heap before
{Heap before GC invocations=6 (full 0):
 PSYoungGen      total 19200K, used 19192K [0x916c0000, 0x94140000, 0xa6c00000)
  eden space 16640K, 100% used [0x916c0000,0x92700000,0x92700000)
  from space 2560K, 99% used [0x92700000,0x9297e0b0,0x92980000)
  to   space 5120K, 0% used [0x93c40000,0x93c40000,0x94140000)
 ParOldGen       total 43776K, used 5415K [0x66c00000, 0x696c0000, 0x916c0000)
  object space 43776K, 12% used [0x66c00000,0x67149d58,0x696c0000)
 Metaspace       used 10891K, capacity 11008K, committed 11032K, reserved 11568K
Event: 780.018 GC heap after
Heap after GC invocations=6 (full 0):
 PSYoungGen      total 38144K, used 4279K [0x916c0000, 0x941c0000, 0xa6c00000)
  eden space 33024K, 0% used [0x916c0000,0x916c0000,0x93700000)
  from space 5120K, 83% used [0x93c40000,0x9406ddb8,0x94140000)
  to   space 5376K, 0% used [0x93700000,0x93700000,0x93c40000)
 ParOldGen       total 43776K, used 5419K [0x66c00000, 0x696c0000, 0x916c0000)
  object space 43776K, 12% used [0x66c00000,0x6714ad58,0x696c0000)
 Metaspace       used 10891K, capacity 11008K, committed 11032K, reserved 11568K
}

# JRE version: OpenJDK Runtime Environment (8.0_151-b12) (build 1.8.0_151-8u151-b12-0ubuntu0.16.04.2-b12)
# Java VM: OpenJDK Server VM (25.151-b12 mixed mode linux-x86 )
Heap:
 PSYoungGen      total 38144K, used 11549K [0x916c0000, 0x941c0000, 0xa6c00000)
  eden space 33024K, 22% used [0x916c0000,0x91dd9830,0x93700000)
  from space 5120K, 83% used [0x93c40000,0x9406ddb8,0x94140000)
  to   space 5376K, 0% used [0x93700000,0x93700000,0x93c40000)
 ParOldGen       total 43776K, used 5419K [0x66c00000, 0x696c0000, 0x916c0000)
  object space 43776K, 12% used [0x66c00000,0x6714ad58,0x696c0000)
 Metaspace       used 11783K, capacity 12045K, committed 12056K, reserved 12592K
GC Heap History (10 events):
Event: 322.572 GC heap before
{Heap before GC invocations=2 (full 0):
 PSYoungGen      total 19200K, used 19194K [0x916c0000, 0x92c00000, 0xa6c00000)
  eden space 16640K, 100% used [0x916c0000,0x92700000,0x92700000)
  from space 2560K, 99% used [0x92700000,0x9297eb90,0x92980000)
  to   space 2560K, 0% used [0x92980000,0x92980000,0x92c00000)
 ParOldGen       total 43776K, used 24K [0x66c00000, 0x696c0000, 0x916c0000)
  object space 43776K, 0% used [0x66c00000,0x66c06038,0x696c0000)
 Metaspace       used 5998K, capacity 6058K, committed 6168K, reserved 6448K
Event: 324.090 GC heap after
Heap after GC invocations=2 (full 0):
 PSYoungGen      total 19200K, used 2544K [0x916c0000, 0x92c00000, 0xa6c00000)
  eden space 16640K, 0% used [0x916c0000,0x916c0000,0x92700000)
  from space 2560K, 99% used [0x92980000,0x92bfc078,0x92c00000)
  to   space 2560K, 0% used [0x92700000,0x92700000,0x92980000)
 ParOldGen       total 43776K, used 1097K [0x66c00000, 0x696c0000, 0x916c0000)
  object space 43776K, 2% used [0x66c00000,0x66d12658,0x696c0000)
 Metaspace       used 5998K, capacity 6058K, committed 6168K, reserved 6448K
}
Event: 429.331 GC heap before
{Heap before GC invocations=3 (full 0):
 PSYoungGen      total 19200K, used 19184K [0x916c0000, 0x92c00000, 0xa6c00000)
  eden space 16640K, 100% used [0x916c0000,0x92700000,0x92700000)
  from space 2560K, 99% used [0x92980000,0x92bfc078,0x92c00000)
  to   space 2560K, 0% used [0x92700000,0x92700000,0x92980000)
 ParOldGen       total 43776K, used 1097K [0x66c00000, 0x696c0000, 0x916c0000)
  object space 43776K, 2% used [0x66c00000,0x66d12658,0x696c0000)
 Metaspace       used 6730K, capacity 6796K, committed 6936K, reserved 7472K
Event: 430.845 GC heap after
Heap after GC invocations=3 (full 0):
 PSYoungGen      total 19200K, used 2552K [0x916c0000, 0x92c00000, 0xa6c00000)
  eden space 16640K, 0% used [0x916c0000,0x916c0000,0x92700000)
  from space 2560K, 99% used [0x92700000,0x9297e148,0x92980000)
  to   space 2560K, 0% used [0x92980000,0x92980000,0x92c00000)
 ParOldGen       total 43776K, used 1783K [0x66c00000, 0x696c0000, 0x916c0000)
  object space 43776K, 4% used [0x66c00000,0x66dbdd68,0x696c0000)
 Metaspace       used 6730K, capacity 6796K, committed 6936K, reserved 7472K
}
Event: 555.239 GC heap before
{Heap before GC invocations=4 (full 0):
 PSYoungGen      total 19200K, used 19192K [0x916c0000, 0x92c00000, 0xa6c00000)
  eden space 16640K, 100% used [0x916c0000,0x92700000,0x92700000)
  from space 2560K, 99% used [0x92700000,0x9297e148,0x92980000)
  to   space 2560K, 0% used [0x92980000,0x92980000,0x92c00000)
 ParOldGen       total 43776K, used 1783K [0x66c00000, 0x696c0000, 0x916c0000)
  object space 43776K, 4% used [0x66c00000,0x66dbdd68,0x696c0000)
 Metaspace       used 8465K, capacity 8541K, committed 8600K, reserved 9520K
Event: 557.139 GC heap after
Heap after GC invocations=4 (full 0):
 PSYoungGen      total 19200K, used 2555K [0x916c0000, 0x93c40000, 0xa6c00000)
  eden space 16640K, 0% used [0x916c0000,0x916c0000,0x92700000)
  from space 2560K, 99% used [0x92980000,0x92bfef28,0x92c00000)
  to   space 2560K, 0% used [0x92700000,0x92700000,0x92980000)
 ParOldGen       total 43776K, used 3757K [0x66c00000, 0x696c0000, 0x916c0000)
  object space 43776K, 8% used [0x66c00000,0x66fab5f8,0x696c0000)
 Metaspace       used 8465K, capacity 8541K, committed 8600K, reserved 9520K
}
Event: 681.066 GC heap before
{Heap before GC invocations=5 (full 0):
 PSYoungGen      total 19200K, used 19195K [0x916c0000, 0x93c40000, 0xa6c00000)
  eden space 16640K, 100% used [0x916c0000,0x92700000,0x92700000)
  from space 2560K, 99% used [0x92980000,0x92bfef28,0x92c00000)
  to   space 2560K, 0% used [0x92700000,0x92700000,0x92980000)
 ParOldGen       total 43776K, used 3757K [0x66c00000, 0x696c0000, 0x916c0000)
  object space 43776K, 8% used [0x66c00000,0x66fab5f8,0x696c0000)
 Metaspace       used 10300K, capacity 10407K, committed 10520K, reserved 10544K
Event: 682.321 GC heap after
Heap after GC invocations=5 (full 0):
 PSYoungGen      total 19200K, used 2552K [0x916c0000, 0x94140000, 0xa6c00000)
  eden space 16640K, 0% used [0x916c0000,0x916c0000,0x92700000)
  from space 2560K, 99% used [0x92700000,0x9297e0b0,0x92980000)
  to   space 5120K, 0% used [0x93c40000,0x93c40000,0x94140000)
 ParOldGen       total 43776K, used 5415K [0x66c00000, 0x696c0000, 0x916c0000)
  object space 43776K, 12% used [0x66c00000,0x67149d58,0x696c0000)
 Metaspace       used 10300K, capacity 10407K, committed 10520K, reserved 10544K
}
Event: 777.724 GC heap before
{Heap before GC invocations=6 (full 0):
 PSYoungGen      total 19200K, used 19192K [0x916c0000, 0x94140000, 0xa6c00000)
  eden space 16640K, 100% used [0x916c0000,0x92700000,0x92700000)
  from space 2560K, 99% used [0x92700000,0x9297e0b0,0x92980000)
  to   space 5120K, 0% used [0x93c40000,0x93c40000,0x94140000)
 ParOldGen       total 43776K, used 5415K [0x66c00000, 0x696c0000, 0x916c0000)
  object space 43776K, 12% used [0x66c00000,0x67149d58,0x696c0000)
 Metaspace       used 10891K, capacity 11008K, committed 11032K, reserved 11568K
Event: 780.018 GC heap after
Heap after GC invocations=6 (full 0):
 PSYoungGen      total 38144K, used 4279K [0x916c0000, 0x941c0000, 0xa6c00000)
  eden space 33024K, 0% used [0x916c0000,0x916c0000,0x93700000)
  from space 5120K, 83% used [0x93c40000,0x9406ddb8,0x94140000)
  to   space 5376K, 0% used [0x93700000,0x93700000,0x93c40000)
 ParOldGen       total 43776K, used 5419K [0x66c00000, 0x696c0000, 0x916c0000)
  object space 43776K, 12% used [0x66c00000,0x6714ad58,0x696c0000)
 Metaspace       used 10891K, capacity 11008K, committed 11032K, reserved 11568K
}

